c:\c++\snake_sfml\snake\snake\x64\release\vc142.pdb
c:\c++\snake_sfml\snake\snake\x64\release\window.obj
c:\c++\snake_sfml\snake\snake\x64\release\wall.obj
c:\c++\snake_sfml\snake\snake\x64\release\snake.obj
c:\c++\snake_sfml\snake\snake\x64\release\player.obj
c:\c++\snake_sfml\snake\snake\x64\release\main.obj
c:\c++\snake_sfml\snake\snake\x64\release\item.obj
c:\c++\snake_sfml\snake\snake\x64\release\game.obj
c:\c++\snake_sfml\snake\snake\x64\release\collider.obj
c:\c++\snake_sfml\snake\snake\x64\release\animation.obj
c:\c++\snake_sfml\snake\snake\x64\release\textureholder.obj
c:\c++\snake_sfml\snake\x64\release\snake.exe
c:\c++\snake_sfml\snake\snake\x64\release\snake.iobj
c:\c++\snake_sfml\snake\x64\release\snake.pdb
c:\c++\snake_sfml\snake\snake\x64\release\snake.ipdb
c:\c++\snake_sfml\snake\snake\x64\release\snake.tlog\cl.command.1.tlog
c:\c++\snake_sfml\snake\snake\x64\release\snake.tlog\cl.read.1.tlog
c:\c++\snake_sfml\snake\snake\x64\release\snake.tlog\cl.write.1.tlog
c:\c++\snake_sfml\snake\snake\x64\release\snake.tlog\link.command.1.tlog
c:\c++\snake_sfml\snake\snake\x64\release\snake.tlog\link.read.1.tlog
c:\c++\snake_sfml\snake\snake\x64\release\snake.tlog\link.write.1.tlog
